<?xml version="1.0" encoding="UTF-8"?>
<!-- Generated by org.testng.reporters.JUnitReportReporter -->
<testsuite hostname="DESKTOP-CSA6K9M" failures="0" tests="7" name="com.ecommerce.test.FBRegistration" time="14.372" errors="0" timestamp="2023-07-20T15:39:00 IST" skipped="1">
  <testcase classname="com.ecommerce.test.FBRegistration" name="googleAccount" time="2.819"/>
  <testcase classname="com.ecommerce.test.FBRegistration" name="searchGoogleAndTestTitleText" time="2.623"/>
  <testcase classname="com.ecommerce.test.FBRegistration" name="fbAccount" time="3.111"/>
  <testcase classname="com.ecommerce.test.FBRegistration" name="testLocalPage" time="4.335"/>
  <testcase classname="com.ecommerce.test.FBRegistration" name="f1" time="0.001"/>
  <testcase classname="com.ecommerce.test.FBRegistration" name="googleAccount" time="1.483"/>
  <testcase classname="com.ecommerce.test.FBRegistration" name="f2">
    <skipped/>
  </testcase> <!-- f2 -->
</testsuite> <!-- com.ecommerce.test.FBRegistration -->
