<?xml version="1.0" encoding="UTF-8"?>
<!-- Generated by org.testng.reporters.JUnitReportReporter -->
<testsuite hostname="DESKTOP-CSA6K9M" failures="0" tests="1" name="com.ecommerce.test.AutoWeb" time="9.014" errors="0" timestamp="2023-07-20T12:58:54 IST" skipped="0">
  <testcase classname="com.ecommerce.test.AutoWeb" name="t_01_validate_login_zero_app" time="9.014"/>
</testsuite> <!-- com.ecommerce.test.AutoWeb -->
